<?xml version="1.0" encoding="UTF-8"?>
<beans xmlns="http://www.springframework.org/schema/beans"
    xmlns:xsi="http://www.w3.org/2001/XMLSchema-instance"
    xmlns:context="http://www.springframework.org/schema/context"
    xmlns:jdbc="http://www.springframework.org/schema/jdbc"
    xsi:schemaLocation="http://www.springframework.org/schema/beans http://www.springframework.org/schema/beans/spring-beans.xsd
                        http://www.springframework.org/schema/context http://www.springframework.org/schema/context/spring-context.xsd
                        http://www.springframework.org/schema/jdbc http://www.springframework.org/schema/jdbc/spring-jdbc.xsd">

    <context:annotation-config />

    <!--  use an embedded database as data source -->
    <jdbc:embedded-database id="dataSource" type="HSQL">
        <jdbc:script location="classpath:/sql/schema.sql"/>
        <jdbc:script location="classpath:/sql/initial-data.sql"/>
    </jdbc:embedded-database>

    <bean id="sqlSessionFactory" class="org.mybatis.spring.SqlSessionFactoryBean">
        <property name="mapperLocations" value="classpath:/mappers/*.xml" />
        <property name="dataSource" ref="dataSource" />
    </bean>

    <bean id="courseMapper" class="org.mybatis.spring.mapper.MapperFactoryBean">
        <property name="mapperInterface" value="es.rchavarria.library.persistence.CourseMapper" />
        <property name="sqlSessionFactory" ref="sqlSessionFactory" />
    </bean>

    <bean id="teacherMapper" class="org.mybatis.spring.mapper.MapperFactoryBean">
        <property name="mapperInterface" value="es.rchavarria.library.persistence.TeacherMapper" />
        <property name="sqlSessionFactory" ref="sqlSessionFactory" />
    </bean>

</beans> 