<?xml version="1.0" encoding="UTF-8"?>
<!DOCTYPE beans PUBLIC "-//SPRING//DTD BEAN//EN" "http://www.springframework.org/dtd/spring-beans.dtd">

<beans>

<!-- <beans xmlns="http://www.springframework.org/schema/beans" -->
<!--     xmlns:xsi="http://www.w3.org/2001/XMLSchema-instance" -->
<!--     xmlns:context="http://www.springframework.org/schema/context" -->
<!--     xmlns:jdbc="http://www.springframework.org/schema/jdbc" -->
<!--     xsi:schemalocation="http://www.springframework.org/schema/beans http://www.springframework.org/schema/beans/spring-beans.xsd -->
<!--         http://www.springframework.org/schema/context http://www.springframework.org/schema/context/spring-context-3.0.xsd -->
<!--         http://www.springframework.org/schema/jdbc http://www.springframework.org/schema/jdbc/spring-jdbc-3.0.xsd"> -->

<!--     <context:annotation-config /> -->

<!--     <jdbc:embedded-database id="loadDatabase" type="HSQL"> -->
<!--         <jdbc:script location="classpath:sql/schema.sql"/> -->
<!--         <jdbc:script location="classpath:sql/test-data.sql"/> -->
<!--     </jdbc:embedded-database> -->

    <!-- spring datasource configuration -->
    <bean id="dataSource" class="org.springframework.jdbc.datasource.DriverManagerDataSource">
        <property name="driverClassName" value="org.hsqldb.jdbcDriver" />
        <property name="url" value="jdbc:hsqldb:mem:library" />
    </bean>

    <bean id="sqlSessionFactory" class="org.mybatis.spring.SqlSessionFactoryBean">
        <property name="dataSource" ref="dataSource" />
    </bean>

    <bean id="courseMapper" class="org.mybatis.spring.mapper.MapperFactoryBean">
        <property name="mapperInterface" value="es.rchavarria.library.persistence.CourseMapper" />
        <property name="sqlSessionFactory" ref="sqlSessionFactory" />
    </bean>

</beans>
